17:01:08  [INFO ] : +6++++++++++++++++++++当前的sheet页是：Sheet1+++++++++++++++++++++++++++++++
17:01:12  [INFO ] : chrome浏览器启动
17:01:13  [INFO ] : 访问https://www.mi.com/?client_id=180100041080&masid=2110.0001&gsadid=gad_472_jnrx4c1y&utm_Account=Default&utm_Adgroup=%e5%b0%8f%e7%b1%b3&utm_Campaign=2020%e5%b9%b4%e5%85%a8%e5%b9%b4%e7%99%be%e5%ba%a6%e6%8a%95%e6%94%be%e9%a1%b9%e7%9b%ae&utm_Medium=Display&utm_Channel=%e7%99%be%e5%ba%a6PC&utm_Source=%e7%99%be%e5%ba%a6%e5%93%81%e4%b8%93&utm_Term=%e7%99%be%e5%ba%a6PC
17:01:30  [INFO ] : +6++++++++++++++++++++当前的sheet页是：Sheet1+++++++++++++++++++++++++++++++
17:01:34  [INFO ] : chrome浏览器启动
17:01:35  [INFO ] : 访问https://www.mi.com/?client_id=180100041080&masid=2110.0001&gsadid=gad_472_jnrx4c1y&utm_Account=Default&utm_Adgroup=%e5%b0%8f%e7%b1%b3&utm_Campaign=2020%e5%b9%b4%e5%85%a8%e5%b9%b4%e7%99%be%e5%ba%a6%e6%8a%95%e6%94%be%e9%a1%b9%e7%9b%ae&utm_Medium=Display&utm_Channel=%e7%99%be%e5%ba%a6PC&utm_Source=%e7%99%be%e5%ba%a6%e5%93%81%e4%b8%93&utm_Term=%e7%99%be%e5%ba%a6PC
17:01:46  [ERROR] : org.openqa.selenium.TimeoutException: Expected condition failed: waiting for com.testing.webKeyword.DataDrivenOfWeb$1@486be205 (tried for 10 second(s) with 500 milliseconds interval)
org.openqa.selenium.TimeoutException: Expected condition failed: waiting for com.testing.webKeyword.DataDrivenOfWeb$1@486be205 (tried for 10 second(s) with 500 milliseconds interval)
	at com.testing.webKeyword.DataDrivenOfWeb.explicitlyWait(DataDrivenOfWeb.java:225) [classes/:?]
	at com.testing.webKeyword.DataDrivenOfWeb.inputXpath(DataDrivenOfWeb.java:139) [classes/:?]
	at com.testing.webKeyword.DDTofWeb.main(DDTofWeb.java:64) [classes/:?]
Caused by: org.openqa.selenium.NoSuchElementException: no such element: Unable to locate element: {"method":"xpath","selector":"//a[@class='no-style-msq']/input"}
  (Session info: chrome=84.0.4147.125)
For documentation on this error, please visit: https://www.seleniumhq.org/exceptions/no_such_element.html
Build info: version: '3.141.59', revision: 'e82be7d358', time: '2018-11-14T08:17:03'
System info: host: 'DESKTOP-85T0HMG', ip: '192.168.100.116', os.name: 'Windows 10', os.arch: 'amd64', os.version: '10.0', java.version: '1.8.0_181'
Driver info: org.openqa.selenium.chrome.ChromeDriver
Capabilities {acceptInsecureCerts: false, browserName: chrome, browserVersion: 84.0.4147.125, chrome: {chromedriverVersion: 84.0.4147.30 (48b3e868b4cc0..., userDataDir: C:\Users\ASUS\AppData\Local...}, goog:chromeOptions: {debuggerAddress: localhost:49911}, javascriptEnabled: true, networkConnectionEnabled: false, pageLoadStrategy: normal, platform: WINDOWS, platformName: WINDOWS, proxy: Proxy(), setWindowRect: true, strictFileInteractability: false, timeouts: {implicit: 0, pageLoad: 300000, script: 30000}, unhandledPromptBehavior: dismiss and notify, webauthn:virtualAuthenticators: true}
Session ID: 0ded8819a568b5f337ac24c868aade47
*** Element info: {Using=xpath, value=//a[@class='no-style-msq']/input}
	at sun.reflect.GeneratedConstructorAccessor31.newInstance(Unknown Source) ~[?:?]
	at sun.reflect.DelegatingConstructorAccessorImpl.newInstance(DelegatingConstructorAccessorImpl.java:45) ~[?:1.8.0_181]
	at java.lang.reflect.Constructor.newInstance(Constructor.java:423) ~[?:1.8.0_181]
	at org.openqa.selenium.remote.http.W3CHttpResponseCodec.createException(W3CHttpResponseCodec.java:187) ~[selenium-remote-driver-3.141.59.jar:?]
	at org.openqa.selenium.remote.http.W3CHttpResponseCodec.decode(W3CHttpResponseCodec.java:122) ~[selenium-remote-driver-3.141.59.jar:?]
	at org.openqa.selenium.remote.http.W3CHttpResponseCodec.decode(W3CHttpResponseCodec.java:49) ~[selenium-remote-driver-3.141.59.jar:?]
	at org.openqa.selenium.remote.HttpCommandExecutor.execute(HttpCommandExecutor.java:158) ~[selenium-remote-driver-3.141.59.jar:?]
	at org.openqa.selenium.remote.service.DriverCommandExecutor.execute(DriverCommandExecutor.java:83) ~[selenium-remote-driver-3.141.59.jar:?]
	at org.openqa.selenium.remote.RemoteWebDriver.execute(RemoteWebDriver.java:552) ~[selenium-remote-driver-3.141.59.jar:?]
	at org.openqa.selenium.remote.RemoteWebDriver.findElement(RemoteWebDriver.java:323) ~[selenium-remote-driver-3.141.59.jar:?]
	at org.openqa.selenium.remote.RemoteWebDriver.findElementByXPath(RemoteWebDriver.java:428) ~[selenium-remote-driver-3.141.59.jar:?]
	at org.openqa.selenium.By$ByXPath.findElement(By.java:353) ~[selenium-api-3.141.59.jar:?]
	at org.openqa.selenium.remote.RemoteWebDriver.findElement(RemoteWebDriver.java:315) ~[selenium-remote-driver-3.141.59.jar:?]
	at com.testing.webKeyword.DataDrivenOfWeb$1.apply(DataDrivenOfWeb.java:221) ~[classes/:?]
	at com.testing.webKeyword.DataDrivenOfWeb$1.apply(DataDrivenOfWeb.java:219) ~[classes/:?]
	at org.openqa.selenium.support.ui.FluentWait.until(FluentWait.java:249) ~[selenium-support-3.141.59.jar:?]
	at com.testing.webKeyword.DataDrivenOfWeb.explicitlyWait(DataDrivenOfWeb.java:219) ~[classes/:?]
	... 2 more
17:01:46  [ERROR] : org.openqa.selenium.NoSuchElementException: no such element: Unable to locate element: {"method":"xpath","selector":"//a[@class='no-style-msq']/input"}
  (Session info: chrome=84.0.4147.125)
For documentation on this error, please visit: https://www.seleniumhq.org/exceptions/no_such_element.html
Build info: version: '3.141.59', revision: 'e82be7d358', time: '2018-11-14T08:17:03'
System info: host: 'DESKTOP-85T0HMG', ip: '192.168.100.116', os.name: 'Windows 10', os.arch: 'amd64', os.version: '10.0', java.version: '1.8.0_181'
Driver info: org.openqa.selenium.chrome.ChromeDriver
Capabilities {acceptInsecureCerts: false, browserName: chrome, browserVersion: 84.0.4147.125, chrome: {chromedriverVersion: 84.0.4147.30 (48b3e868b4cc0..., userDataDir: C:\Users\ASUS\AppData\Local...}, goog:chromeOptions: {debuggerAddress: localhost:49911}, javascriptEnabled: true, networkConnectionEnabled: false, pageLoadStrategy: normal, platform: WINDOWS, platformName: WINDOWS, proxy: Proxy(), setWindowRect: true, strictFileInteractability: false, timeouts: {implicit: 0, pageLoad: 300000, script: 30000}, unhandledPromptBehavior: dismiss and notify, webauthn:virtualAuthenticators: true}
Session ID: 0ded8819a568b5f337ac24c868aade47
*** Element info: {Using=xpath, value=//a[@class='no-style-msq']/input}
org.openqa.selenium.NoSuchElementException: no such element: Unable to locate element: {"method":"xpath","selector":"//a[@class='no-style-msq']/input"}
  (Session info: chrome=84.0.4147.125)
For documentation on this error, please visit: https://www.seleniumhq.org/exceptions/no_such_element.html
Build info: version: '3.141.59', revision: 'e82be7d358', time: '2018-11-14T08:17:03'
System info: host: 'DESKTOP-85T0HMG', ip: '192.168.100.116', os.name: 'Windows 10', os.arch: 'amd64', os.version: '10.0', java.version: '1.8.0_181'
Driver info: org.openqa.selenium.chrome.ChromeDriver
Capabilities {acceptInsecureCerts: false, browserName: chrome, browserVersion: 84.0.4147.125, chrome: {chromedriverVersion: 84.0.4147.30 (48b3e868b4cc0..., userDataDir: C:\Users\ASUS\AppData\Local...}, goog:chromeOptions: {debuggerAddress: localhost:49911}, javascriptEnabled: true, networkConnectionEnabled: false, pageLoadStrategy: normal, platform: WINDOWS, platformName: WINDOWS, proxy: Proxy(), setWindowRect: true, strictFileInteractability: false, timeouts: {implicit: 0, pageLoad: 300000, script: 30000}, unhandledPromptBehavior: dismiss and notify, webauthn:virtualAuthenticators: true}
Session ID: 0ded8819a568b5f337ac24c868aade47
*** Element info: {Using=xpath, value=//a[@class='no-style-msq']/input}
	at com.testing.webKeyword.DataDrivenOfWeb.inputXpath(DataDrivenOfWeb.java:145) [classes/:?]
	at com.testing.webKeyword.DDTofWeb.main(DDTofWeb.java:64) [classes/:?]
17:01:47  [ERROR] : java.io.FileNotFoundException: SCRshot\input20200828+17-01-46.png (系统找不到指定的路径。)
java.io.FileNotFoundException: SCRshot\input20200828+17-01-46.png (系统找不到指定的路径。)
	at com.testing.webKeyword.DataDrivenOfWeb.saveScrShot(DataDrivenOfWeb.java:493) [classes/:?]
	at com.testing.webKeyword.DataDrivenOfWeb.inputXpath(DataDrivenOfWeb.java:146) [classes/:?]
	at com.testing.webKeyword.DDTofWeb.main(DDTofWeb.java:64) [classes/:?]
17:01:47  [ERROR] : 截图失败！
